<?xml version="1.0" encoding="UTF-8"?>
<testsuite name="UTest platform" tests="1" skipped="0" failures="0" errors="0" timestamp="2020-11-29T07:21:31" hostname="CHMEPPF1CNCGZ" time="27.451">
  <properties/>
  <testcase name="Registry on the uTest platform" classname="UTest platform" time="27.451"/>
  <system-out><![CDATA[]]></system-out>
  <system-err><![CDATA[[Test worker] WARN net.thucydides.core.steps.BaseStepListener - stepStarted: net.thucydides.core.steps.ExecutedStepDescription@5eaa5ff0
[Test worker] WARN net.thucydides.core.steps.BaseStepListener - stepStarted: net.thucydides.core.steps.ExecutedStepDescription@9458cea
[Test worker] WARN net.thucydides.core.steps.BaseStepListener - stepStarted: net.thucydides.core.steps.ExecutedStepDescription@510ceb8d
nov 29, 2020 2:21:32 AM org.openqa.selenium.remote.DesiredCapabilities chrome
INFORMACIÓN: Using `new ChromeOptions()` is preferred to `DesiredCapabilities.chrome()`
[Test worker] INFO net.serenitybdd.core.webdriver.driverproviders.ProvideNewDriver - Instantiating driver
[Test worker] INFO net.serenitybdd.core.webdriver.driverproviders.ProvideNewDriver - Driver capabilities: Capabilities {acceptInsecureCerts: false, browserName: chrome, chrome.switches: --start-maximized, goog:chromeOptions: {args: [--start-maximized], extensions: []}, loggingPrefs: org.openqa.selenium.logging..., platform: ANY, version: }
Starting ChromeDriver 87.0.4280.20 (c99e81631faa0b2a448e658c0dbd8311fb04ddbd-refs/branch-heads/4280@{#355}) on port 10965
Only local connections are allowed.
Please see https://chromedriver.chromium.org/security-considerations for suggestions on keeping ChromeDriver safe.
ChromeDriver was started successfully.
nov 29, 2020 2:21:37 AM org.openqa.selenium.remote.ProtocolHandshake createSession
INFORMACIÓN: Detected dialect: W3C
[Test worker] WARN net.thucydides.core.steps.BaseStepListener - stepFinished: current outcome:Registry on the uTest platform:Example: {firstName=Ana, LastName=Medina, email=testChoucair3@gmail.com, dateOfBirth=August-12-1994, password=Anamedinavilla19990, confirmPassword=Anamedinavilla19990} [Given then Rose want to subscribe to the uTest platform [Rose open up [Rose opens the Open up page]]]
[Test worker] WARN net.thucydides.core.steps.BaseStepListener - stepFinished: current outcome:Registry on the uTest platform:Example: {firstName=Ana, LastName=Medina, email=testChoucair3@gmail.com, dateOfBirth=August-12-1994, password=Anamedinavilla19990, confirmPassword=Anamedinavilla19990} [Given then Rose want to subscribe to the uTest platform [Rose open up [Rose opens the Open up page]]]
[Test worker] WARN net.thucydides.core.steps.BaseStepListener - stepStarted: net.thucydides.core.steps.ExecutedStepDescription@5d6db8b
[Test worker] WARN net.thucydides.core.steps.BaseStepListener - stepStarted: net.thucydides.core.steps.ExecutedStepDescription@6993eb8e
[Test worker] WARN net.thucydides.core.steps.BaseStepListener - stepFinished: current outcome:Registry on the uTest platform:Example: {firstName=Ana, LastName=Medina, email=testChoucair3@gmail.com, dateOfBirth=August-12-1994, password=Anamedinavilla19990, confirmPassword=Anamedinavilla19990} [Given then Rose want to subscribe to the uTest platform [Rose open up [Rose opens the Open up page], Rose go to [Rose clicks on button the allows us to go to the registration form]]]
[Test worker] WARN net.thucydides.core.steps.BaseStepListener - stepFinished: current outcome:Registry on the uTest platform:Example: {firstName=Ana, LastName=Medina, email=testChoucair3@gmail.com, dateOfBirth=August-12-1994, password=Anamedinavilla19990, confirmPassword=Anamedinavilla19990} [Given then Rose want to subscribe to the uTest platform [Rose open up [Rose opens the Open up page], Rose go to [Rose clicks on button the allows us to go to the registration form]]]
[Test worker] WARN net.thucydides.core.steps.BaseStepListener - stepFinished: current outcome:Registry on the uTest platform:Example: {firstName=Ana, LastName=Medina, email=testChoucair3@gmail.com, dateOfBirth=August-12-1994, password=Anamedinavilla19990, confirmPassword=Anamedinavilla19990} [Given then Rose want to subscribe to the uTest platform [Rose open up [Rose opens the Open up page], Rose go to [Rose clicks on button the allows us to go to the registration form]]]
[Test worker] WARN net.thucydides.core.steps.BaseStepListener - stepStarted: net.thucydides.core.steps.ExecutedStepDescription@6ced1da5
[Test worker] WARN net.thucydides.core.steps.BaseStepListener - stepStarted: net.thucydides.core.steps.ExecutedStepDescription@3dd6c65a
[Test worker] WARN net.thucydides.core.steps.BaseStepListener - stepStarted: net.thucydides.core.steps.ExecutedStepDescription@7cd2c3c
[Test worker] WARN net.thucydides.core.steps.BaseStepListener - stepFinished: current outcome:Registry on the uTest platform:Example: {firstName=Ana, LastName=Medina, email=testChoucair3@gmail.com, dateOfBirth=August-12-1994, password=Anamedinavilla19990, confirmPassword=Anamedinavilla19990} [Given then Rose want to subscribe to the uTest platform [Rose open up [Rose opens the Open up page], Rose go to [Rose clicks on button the allows us to go to the registration form]], When she fills out the registration form
| firstName | lastName | email | dateOfBirth | password | confirmPassword |
| Ana | Medina | testChoucair3@gmail.com | August-12-1994 | Anamedinavilla19990 | Anamedinavilla19990 | [Rose fill [Rose enters 'Ana' into Name Fiel]]]
[Test worker] WARN net.thucydides.core.steps.BaseStepListener - stepStarted: net.thucydides.core.steps.ExecutedStepDescription@62d7ed8a
[Test worker] WARN net.thucydides.core.steps.BaseStepListener - stepFinished: current outcome:Registry on the uTest platform:Example: {firstName=Ana, LastName=Medina, email=testChoucair3@gmail.com, dateOfBirth=August-12-1994, password=Anamedinavilla19990, confirmPassword=Anamedinavilla19990} [Given then Rose want to subscribe to the uTest platform [Rose open up [Rose opens the Open up page], Rose go to [Rose clicks on button the allows us to go to the registration form]], When she fills out the registration form
| firstName | lastName | email | dateOfBirth | password | confirmPassword |
| Ana | Medina | testChoucair3@gmail.com | August-12-1994 | Anamedinavilla19990 | Anamedinavilla19990 | [Rose fill [Rose enters 'Ana' into Name Fiel, Rose enters 'Medina' into Name Fiel]]]
[Test worker] WARN net.thucydides.core.steps.BaseStepListener - stepStarted: net.thucydides.core.steps.ExecutedStepDescription@182f1cbd
[Test worker] WARN net.thucydides.core.steps.BaseStepListener - stepFinished: current outcome:Registry on the uTest platform:Example: {firstName=Ana, LastName=Medina, email=testChoucair3@gmail.com, dateOfBirth=August-12-1994, password=Anamedinavilla19990, confirmPassword=Anamedinavilla19990} [Given then Rose want to subscribe to the uTest platform [Rose open up [Rose opens the Open up page], Rose go to [Rose clicks on button the allows us to go to the registration form]], When she fills out the registration form
| firstName | lastName | email | dateOfBirth | password | confirmPassword |
| Ana | Medina | testChoucair3@gmail.com | August-12-1994 | Anamedinavilla19990 | Anamedinavilla19990 | [Rose fill [Rose enters 'Ana' into Name Fiel, Rose enters 'Medina' into Name Fiel, Rose enters 'testChoucair3@gmail.com' into Name Fiel]]]
[Test worker] WARN net.thucydides.core.steps.BaseStepListener - stepStarted: net.thucydides.core.steps.ExecutedStepDescription@75646d3e
[Test worker] WARN net.thucydides.core.steps.BaseStepListener - stepFinished: current outcome:Registry on the uTest platform:Example: {firstName=Ana, LastName=Medina, email=testChoucair3@gmail.com, dateOfBirth=August-12-1994, password=Anamedinavilla19990, confirmPassword=Anamedinavilla19990} [Given then Rose want to subscribe to the uTest platform [Rose open up [Rose opens the Open up page], Rose go to [Rose clicks on button the allows us to go to the registration form]], When she fills out the registration form
| firstName | lastName | email | dateOfBirth | password | confirmPassword |
| Ana | Medina | testChoucair3@gmail.com | August-12-1994 | Anamedinavilla19990 | Anamedinavilla19990 | [Rose fill [Rose enters 'Ana' into Name Fiel, Rose enters 'Medina' into Name Fiel, Rose enters 'testChoucair3@gmail.com' into Name Fiel, Rose select August on Moth list]]]
[Test worker] WARN net.thucydides.core.steps.BaseStepListener - stepStarted: net.thucydides.core.steps.ExecutedStepDescription@d556cd7
[Test worker] WARN net.thucydides.core.steps.BaseStepListener - stepFinished: current outcome:Registry on the uTest platform:Example: {firstName=Ana, LastName=Medina, email=testChoucair3@gmail.com, dateOfBirth=August-12-1994, password=Anamedinavilla19990, confirmPassword=Anamedinavilla19990} [Given then Rose want to subscribe to the uTest platform [Rose open up [Rose opens the Open up page], Rose go to [Rose clicks on button the allows us to go to the registration form]], When she fills out the registration form
| firstName | lastName | email | dateOfBirth | password | confirmPassword |
| Ana | Medina | testChoucair3@gmail.com | August-12-1994 | Anamedinavilla19990 | Anamedinavilla19990 | [Rose fill [Rose enters 'Ana' into Name Fiel, Rose enters 'Medina' into Name Fiel, Rose enters 'testChoucair3@gmail.com' into Name Fiel, Rose select August on Moth list, Rose select 12 on Day List]]]
[Test worker] WARN net.thucydides.core.steps.BaseStepListener - stepStarted: net.thucydides.core.steps.ExecutedStepDescription@1dd6130a
[Test worker] WARN net.thucydides.core.steps.BaseStepListener - stepFinished: current outcome:Registry on the uTest platform:Example: {firstName=Ana, LastName=Medina, email=testChoucair3@gmail.com, dateOfBirth=August-12-1994, password=Anamedinavilla19990, confirmPassword=Anamedinavilla19990} [Given then Rose want to subscribe to the uTest platform [Rose open up [Rose opens the Open up page], Rose go to [Rose clicks on button the allows us to go to the registration form]], When she fills out the registration form
| firstName | lastName | email | dateOfBirth | password | confirmPassword |
| Ana | Medina | testChoucair3@gmail.com | August-12-1994 | Anamedinavilla19990 | Anamedinavilla19990 | [Rose fill [Rose enters 'Ana' into Name Fiel, Rose enters 'Medina' into Name Fiel, Rose enters 'testChoucair3@gmail.com' into Name Fiel, Rose select August on Moth list, Rose select 12 on Day List, Rose select 1994 on Year List]]]
[Test worker] WARN net.thucydides.core.steps.BaseStepListener - stepStarted: net.thucydides.core.steps.ExecutedStepDescription@578b7af6
[Test worker] WARN net.thucydides.core.steps.BaseStepListener - stepFinished: current outcome:Registry on the uTest platform:Example: {firstName=Ana, LastName=Medina, email=testChoucair3@gmail.com, dateOfBirth=August-12-1994, password=Anamedinavilla19990, confirmPassword=Anamedinavilla19990} [Given then Rose want to subscribe to the uTest platform [Rose open up [Rose opens the Open up page], Rose go to [Rose clicks on button the allows us to go to the registration form]], When she fills out the registration form
| firstName | lastName | email | dateOfBirth | password | confirmPassword |
| Ana | Medina | testChoucair3@gmail.com | August-12-1994 | Anamedinavilla19990 | Anamedinavilla19990 | [Rose fill [Rose enters 'Ana' into Name Fiel, Rose enters 'Medina' into Name Fiel, Rose enters 'testChoucair3@gmail.com' into Name Fiel, Rose select August on Moth list, Rose select 12 on Day List, Rose select 1994 on Year List, Rose clicks on Button Next Location]]]
[Test worker] WARN net.thucydides.core.steps.BaseStepListener - stepStarted: net.thucydides.core.steps.ExecutedStepDescription@2fbf05bc
[Test worker] WARN net.thucydides.core.steps.BaseStepListener - stepFinished: current outcome:Registry on the uTest platform:Example: {firstName=Ana, LastName=Medina, email=testChoucair3@gmail.com, dateOfBirth=August-12-1994, password=Anamedinavilla19990, confirmPassword=Anamedinavilla19990} [Given then Rose want to subscribe to the uTest platform [Rose open up [Rose opens the Open up page], Rose go to [Rose clicks on button the allows us to go to the registration form]], When she fills out the registration form
| firstName | lastName | email | dateOfBirth | password | confirmPassword |
| Ana | Medina | testChoucair3@gmail.com | August-12-1994 | Anamedinavilla19990 | Anamedinavilla19990 | [Rose fill [Rose enters 'Ana' into Name Fiel, Rose enters 'Medina' into Name Fiel, Rose enters 'testChoucair3@gmail.com' into Name Fiel, Rose select August on Moth list, Rose select 12 on Day List, Rose select 1994 on Year List, Rose clicks on Button Next Location, Rose clicks on Button Next Devices]]]
[Test worker] WARN net.thucydides.core.steps.BaseStepListener - stepStarted: net.thucydides.core.steps.ExecutedStepDescription@7a45acc6
[Test worker] WARN net.thucydides.core.steps.BaseStepListener - stepFinished: current outcome:Registry on the uTest platform:Example: {firstName=Ana, LastName=Medina, email=testChoucair3@gmail.com, dateOfBirth=August-12-1994, password=Anamedinavilla19990, confirmPassword=Anamedinavilla19990} [Given then Rose want to subscribe to the uTest platform [Rose open up [Rose opens the Open up page], Rose go to [Rose clicks on button the allows us to go to the registration form]], When she fills out the registration form
| firstName | lastName | email | dateOfBirth | password | confirmPassword |
| Ana | Medina | testChoucair3@gmail.com | August-12-1994 | Anamedinavilla19990 | Anamedinavilla19990 | [Rose fill [Rose enters 'Ana' into Name Fiel, Rose enters 'Medina' into Name Fiel, Rose enters 'testChoucair3@gmail.com' into Name Fiel, Rose select August on Moth list, Rose select 12 on Day List, Rose select 1994 on Year List, Rose clicks on Button Next Location, Rose clicks on Button Next Devices, Rose clicks on Button last Step]]]
[Test worker] WARN net.thucydides.core.steps.BaseStepListener - stepStarted: net.thucydides.core.steps.ExecutedStepDescription@53fda96e
[Test worker] WARN net.thucydides.core.steps.BaseStepListener - stepFinished: current outcome:Registry on the uTest platform:Example: {firstName=Ana, LastName=Medina, email=testChoucair3@gmail.com, dateOfBirth=August-12-1994, password=Anamedinavilla19990, confirmPassword=Anamedinavilla19990} [Given then Rose want to subscribe to the uTest platform [Rose open up [Rose opens the Open up page], Rose go to [Rose clicks on button the allows us to go to the registration form]], When she fills out the registration form
| firstName | lastName | email | dateOfBirth | password | confirmPassword |
| Ana | Medina | testChoucair3@gmail.com | August-12-1994 | Anamedinavilla19990 | Anamedinavilla19990 | [Rose fill [Rose enters 'Ana' into Name Fiel, Rose enters 'Medina' into Name Fiel, Rose enters 'testChoucair3@gmail.com' into Name Fiel, Rose select August on Moth list, Rose select 12 on Day List, Rose select 1994 on Year List, Rose clicks on Button Next Location, Rose clicks on Button Next Devices, Rose clicks on Button last Step, Rose enters 'Anamedinavilla19990' into Field Password]]]
[Test worker] WARN net.thucydides.core.steps.BaseStepListener - stepStarted: net.thucydides.core.steps.ExecutedStepDescription@72beb6
[Test worker] WARN net.thucydides.core.steps.BaseStepListener - stepFinished: current outcome:Registry on the uTest platform:Example: {firstName=Ana, LastName=Medina, email=testChoucair3@gmail.com, dateOfBirth=August-12-1994, password=Anamedinavilla19990, confirmPassword=Anamedinavilla19990} [Given then Rose want to subscribe to the uTest platform [Rose open up [Rose opens the Open up page], Rose go to [Rose clicks on button the allows us to go to the registration form]], When she fills out the registration form
| firstName | lastName | email | dateOfBirth | password | confirmPassword |
| Ana | Medina | testChoucair3@gmail.com | August-12-1994 | Anamedinavilla19990 | Anamedinavilla19990 | [Rose fill [Rose enters 'Ana' into Name Fiel, Rose enters 'Medina' into Name Fiel, Rose enters 'testChoucair3@gmail.com' into Name Fiel, Rose select August on Moth list, Rose select 12 on Day List, Rose select 1994 on Year List, Rose clicks on Button Next Location, Rose clicks on Button Next Devices, Rose clicks on Button last Step, Rose enters 'Anamedinavilla19990' into Field Password, Rose enters 'Anamedinavilla19990' into  Field ConfirmPassword]]]
[Test worker] WARN net.thucydides.core.steps.BaseStepListener - stepStarted: net.thucydides.core.steps.ExecutedStepDescription@2a153aa5
[Test worker] WARN net.thucydides.core.steps.BaseStepListener - stepFinished: current outcome:Registry on the uTest platform:Example: {firstName=Ana, LastName=Medina, email=testChoucair3@gmail.com, dateOfBirth=August-12-1994, password=Anamedinavilla19990, confirmPassword=Anamedinavilla19990} [Given then Rose want to subscribe to the uTest platform [Rose open up [Rose opens the Open up page], Rose go to [Rose clicks on button the allows us to go to the registration form]], When she fills out the registration form
| firstName | lastName | email | dateOfBirth | password | confirmPassword |
| Ana | Medina | testChoucair3@gmail.com | August-12-1994 | Anamedinavilla19990 | Anamedinavilla19990 | [Rose fill [Rose enters 'Ana' into Name Fiel, Rose enters 'Medina' into Name Fiel, Rose enters 'testChoucair3@gmail.com' into Name Fiel, Rose select August on Moth list, Rose select 12 on Day List, Rose select 1994 on Year List, Rose clicks on Button Next Location, Rose clicks on Button Next Devices, Rose clicks on Button last Step, Rose enters 'Anamedinavilla19990' into Field Password, Rose enters 'Anamedinavilla19990' into  Field ConfirmPassword, Rose clicks on  Accept Terms]]]
[Test worker] WARN net.thucydides.core.steps.BaseStepListener - stepStarted: net.thucydides.core.steps.ExecutedStepDescription@396a4905
[Test worker] WARN net.thucydides.core.steps.BaseStepListener - stepFinished: current outcome:Registry on the uTest platform:Example: {firstName=Ana, LastName=Medina, email=testChoucair3@gmail.com, dateOfBirth=August-12-1994, password=Anamedinavilla19990, confirmPassword=Anamedinavilla19990} [Given then Rose want to subscribe to the uTest platform [Rose open up [Rose opens the Open up page], Rose go to [Rose clicks on button the allows us to go to the registration form]], When she fills out the registration form
| firstName | lastName | email | dateOfBirth | password | confirmPassword |
| Ana | Medina | testChoucair3@gmail.com | August-12-1994 | Anamedinavilla19990 | Anamedinavilla19990 | [Rose fill [Rose enters 'Ana' into Name Fiel, Rose enters 'Medina' into Name Fiel, Rose enters 'testChoucair3@gmail.com' into Name Fiel, Rose select August on Moth list, Rose select 12 on Day List, Rose select 1994 on Year List, Rose clicks on Button Next Location, Rose clicks on Button Next Devices, Rose clicks on Button last Step, Rose enters 'Anamedinavilla19990' into Field Password, Rose enters 'Anamedinavilla19990' into  Field ConfirmPassword, Rose clicks on  Accept Terms, Rose clicks on  Accept Terms]]]
[Test worker] WARN net.thucydides.core.steps.BaseStepListener - stepStarted: net.thucydides.core.steps.ExecutedStepDescription@1bc05029
[Test worker] WARN net.thucydides.core.steps.BaseStepListener - stepFinished: current outcome:Registry on the uTest platform:Example: {firstName=Ana, LastName=Medina, email=testChoucair3@gmail.com, dateOfBirth=August-12-1994, password=Anamedinavilla19990, confirmPassword=Anamedinavilla19990} [Given then Rose want to subscribe to the uTest platform [Rose open up [Rose opens the Open up page], Rose go to [Rose clicks on button the allows us to go to the registration form]], When she fills out the registration form
| firstName | lastName | email | dateOfBirth | password | confirmPassword |
| Ana | Medina | testChoucair3@gmail.com | August-12-1994 | Anamedinavilla19990 | Anamedinavilla19990 | [Rose fill [Rose enters 'Ana' into Name Fiel, Rose enters 'Medina' into Name Fiel, Rose enters 'testChoucair3@gmail.com' into Name Fiel, Rose select August on Moth list, Rose select 12 on Day List, Rose select 1994 on Year List, Rose clicks on Button Next Location, Rose clicks on Button Next Devices, Rose clicks on Button last Step, Rose enters 'Anamedinavilla19990' into Field Password, Rose enters 'Anamedinavilla19990' into  Field ConfirmPassword, Rose clicks on  Accept Terms, Rose clicks on  Accept Terms, Rose clicks on Button Setup]]]
[Test worker] WARN net.thucydides.core.steps.BaseStepListener - stepFinished: current outcome:Registry on the uTest platform:Example: {firstName=Ana, LastName=Medina, email=testChoucair3@gmail.com, dateOfBirth=August-12-1994, password=Anamedinavilla19990, confirmPassword=Anamedinavilla19990} [Given then Rose want to subscribe to the uTest platform [Rose open up [Rose opens the Open up page], Rose go to [Rose clicks on button the allows us to go to the registration form]], When she fills out the registration form
| firstName | lastName | email | dateOfBirth | password | confirmPassword |
| Ana | Medina | testChoucair3@gmail.com | August-12-1994 | Anamedinavilla19990 | Anamedinavilla19990 | [Rose fill [Rose enters 'Ana' into Name Fiel, Rose enters 'Medina' into Name Fiel, Rose enters 'testChoucair3@gmail.com' into Name Fiel, Rose select August on Moth list, Rose select 12 on Day List, Rose select 1994 on Year List, Rose clicks on Button Next Location, Rose clicks on Button Next Devices, Rose clicks on Button last Step, Rose enters 'Anamedinavilla19990' into Field Password, Rose enters 'Anamedinavilla19990' into  Field ConfirmPassword, Rose clicks on  Accept Terms, Rose clicks on  Accept Terms, Rose clicks on Button Setup]]]
[Test worker] WARN net.thucydides.core.steps.BaseStepListener - stepFinished: current outcome:Registry on the uTest platform:Example: {firstName=Ana, LastName=Medina, email=testChoucair3@gmail.com, dateOfBirth=August-12-1994, password=Anamedinavilla19990, confirmPassword=Anamedinavilla19990} [Given then Rose want to subscribe to the uTest platform [Rose open up [Rose opens the Open up page], Rose go to [Rose clicks on button the allows us to go to the registration form]], When she fills out the registration form
| firstName | lastName | email | dateOfBirth | password | confirmPassword |
| Ana | Medina | testChoucair3@gmail.com | August-12-1994 | Anamedinavilla19990 | Anamedinavilla19990 | [Rose fill [Rose enters 'Ana' into Name Fiel, Rose enters 'Medina' into Name Fiel, Rose enters 'testChoucair3@gmail.com' into Name Fiel, Rose select August on Moth list, Rose select 12 on Day List, Rose select 1994 on Year List, Rose clicks on Button Next Location, Rose clicks on Button Next Devices, Rose clicks on Button last Step, Rose enters 'Anamedinavilla19990' into Field Password, Rose enters 'Anamedinavilla19990' into  Field ConfirmPassword, Rose clicks on  Accept Terms, Rose clicks on  Accept Terms, Rose clicks on Button Setup]]]
[Test worker] WARN net.thucydides.core.steps.BaseStepListener - stepStarted: net.thucydides.core.steps.ExecutedStepDescription@37176425
[Test worker] WARN net.thucydides.core.steps.BaseStepListener - stepStarted: net.thucydides.core.steps.ExecutedStepDescription@4283b694
[Test worker] WARN net.thucydides.core.steps.BaseStepListener - stepFinished: current outcome:Registry on the uTest platform:Example: {firstName=Ana, LastName=Medina, email=testChoucair3@gmail.com, dateOfBirth=August-12-1994, password=Anamedinavilla19990, confirmPassword=Anamedinavilla19990} [Given then Rose want to subscribe to the uTest platform [Rose open up [Rose opens the Open up page], Rose go to [Rose clicks on button the allows us to go to the registration form]], When she fills out the registration form
| firstName | lastName | email | dateOfBirth | password | confirmPassword |
| Ana | Medina | testChoucair3@gmail.com | August-12-1994 | Anamedinavilla19990 | Anamedinavilla19990 | [Rose fill [Rose enters 'Ana' into Name Fiel, Rose enters 'Medina' into Name Fiel, Rose enters 'testChoucair3@gmail.com' into Name Fiel, Rose select August on Moth list, Rose select 12 on Day List, Rose select 1994 on Year List, Rose clicks on Button Next Location, Rose clicks on Button Next Devices, Rose clicks on Button last Step, Rose enters 'Anamedinavilla19990' into Field Password, Rose enters 'Anamedinavilla19990' into  Field ConfirmPassword, Rose clicks on  Accept Terms, Rose clicks on  Accept Terms, Rose clicks on Button Setup]], Then she finds the message called The last step [Then answer]]
[Test worker] WARN net.thucydides.core.steps.BaseStepListener - stepFinished: current outcome:Registry on the uTest platform:Example: {firstName=Ana, LastName=Medina, email=testChoucair3@gmail.com, dateOfBirth=August-12-1994, password=Anamedinavilla19990, confirmPassword=Anamedinavilla19990} [Given then Rose want to subscribe to the uTest platform [Rose open up [Rose opens the Open up page], Rose go to [Rose clicks on button the allows us to go to the registration form]], When she fills out the registration form
| firstName | lastName | email | dateOfBirth | password | confirmPassword |
| Ana | Medina | testChoucair3@gmail.com | August-12-1994 | Anamedinavilla19990 | Anamedinavilla19990 | [Rose fill [Rose enters 'Ana' into Name Fiel, Rose enters 'Medina' into Name Fiel, Rose enters 'testChoucair3@gmail.com' into Name Fiel, Rose select August on Moth list, Rose select 12 on Day List, Rose select 1994 on Year List, Rose clicks on Button Next Location, Rose clicks on Button Next Devices, Rose clicks on Button last Step, Rose enters 'Anamedinavilla19990' into Field Password, Rose enters 'Anamedinavilla19990' into  Field ConfirmPassword, Rose clicks on  Accept Terms, Rose clicks on  Accept Terms, Rose clicks on Button Setup]], Then she finds the message called The last step [Then answer]]
[Test worker] WARN net.thucydides.core.steps.BaseStepListener - stepFinished: current outcome:Registry on the uTest platform:Example: {firstName=Ana, LastName=Medina, email=testChoucair3@gmail.com, dateOfBirth=August-12-1994, password=Anamedinavilla19990, confirmPassword=Anamedinavilla19990} [Given then Rose want to subscribe to the uTest platform [Rose open up [Rose opens the Open up page], Rose go to [Rose clicks on button the allows us to go to the registration form]], When she fills out the registration form
| firstName | lastName | email | dateOfBirth | password | confirmPassword |
| Ana | Medina | testChoucair3@gmail.com | August-12-1994 | Anamedinavilla19990 | Anamedinavilla19990 | [Rose fill [Rose enters 'Ana' into Name Fiel, Rose enters 'Medina' into Name Fiel, Rose enters 'testChoucair3@gmail.com' into Name Fiel, Rose select August on Moth list, Rose select 12 on Day List, Rose select 1994 on Year List, Rose clicks on Button Next Location, Rose clicks on Button Next Devices, Rose clicks on Button last Step, Rose enters 'Anamedinavilla19990' into Field Password, Rose enters 'Anamedinavilla19990' into  Field ConfirmPassword, Rose clicks on  Accept Terms, Rose clicks on  Accept Terms, Rose clicks on Button Setup]], Then she finds the message called The last step [Then answer]]
[Test worker] WARN net.thucydides.core.steps.BaseStepListener - testFinished: Registry on the uTest platform:Example: {firstName=Ana, LastName=Medina, email=testChoucair3@gmail.com, dateOfBirth=August-12-1994, password=Anamedinavilla19990, confirmPassword=Anamedinavilla19990} [Given then Rose want to subscribe to the uTest platform [Rose open up [Rose opens the Open up page], Rose go to [Rose clicks on button the allows us to go to the registration form]], When she fills out the registration form
| firstName | lastName | email | dateOfBirth | password | confirmPassword |
| Ana | Medina | testChoucair3@gmail.com | August-12-1994 | Anamedinavilla19990 | Anamedinavilla19990 | [Rose fill [Rose enters 'Ana' into Name Fiel, Rose enters 'Medina' into Name Fiel, Rose enters 'testChoucair3@gmail.com' into Name Fiel, Rose select August on Moth list, Rose select 12 on Day List, Rose select 1994 on Year List, Rose clicks on Button Next Location, Rose clicks on Button Next Devices, Rose clicks on Button last Step, Rose enters 'Anamedinavilla19990' into Field Password, Rose enters 'Anamedinavilla19990' into  Field ConfirmPassword, Rose clicks on  Accept Terms, Rose clicks on  Accept Terms, Rose clicks on Button Setup]], Then she finds the message called The last step [Then answer]]
[Test worker] WARN net.thucydides.core.steps.BaseStepListener - TestOutcomes: [Registry on the uTest platform:Example: {firstName=Ana, LastName=Medina, email=testChoucair3@gmail.com, dateOfBirth=August-12-1994, password=Anamedinavilla19990, confirmPassword=Anamedinavilla19990} [Given then Rose want to subscribe to the uTest platform [Rose open up [Rose opens the Open up page], Rose go to [Rose clicks on button the allows us to go to the registration form]], When she fills out the registration form
| firstName | lastName | email | dateOfBirth | password | confirmPassword |
| Ana | Medina | testChoucair3@gmail.com | August-12-1994 | Anamedinavilla19990 | Anamedinavilla19990 | [Rose fill [Rose enters 'Ana' into Name Fiel, Rose enters 'Medina' into Name Fiel, Rose enters 'testChoucair3@gmail.com' into Name Fiel, Rose select August on Moth list, Rose select 12 on Day List, Rose select 1994 on Year List, Rose clicks on Button Next Location, Rose clicks on Button Next Devices, Rose clicks on Button last Step, Rose enters 'Anamedinavilla19990' into Field Password, Rose enters 'Anamedinavilla19990' into  Field ConfirmPassword, Rose clicks on  Accept Terms, Rose clicks on  Accept Terms, Rose clicks on Button Setup]], Then she finds the message called The last step [Then answer]]]
[Test worker] WARN net.thucydides.core.steps.BaseStepListener - Final testOutcomes: [Registry on the uTest platform:Example: {firstName=Ana, LastName=Medina, email=testChoucair3@gmail.com, dateOfBirth=August-12-1994, password=Anamedinavilla19990, confirmPassword=Anamedinavilla19990} [Given then Rose want to subscribe to the uTest platform [Rose open up [Rose opens the Open up page], Rose go to [Rose clicks on button the allows us to go to the registration form]], When she fills out the registration form
| firstName | lastName | email | dateOfBirth | password | confirmPassword |
| Ana | Medina | testChoucair3@gmail.com | August-12-1994 | Anamedinavilla19990 | Anamedinavilla19990 | [Rose fill [Rose enters 'Ana' into Name Fiel, Rose enters 'Medina' into Name Fiel, Rose enters 'testChoucair3@gmail.com' into Name Fiel, Rose select August on Moth list, Rose select 12 on Day List, Rose select 1994 on Year List, Rose clicks on Button Next Location, Rose clicks on Button Next Devices, Rose clicks on Button last Step, Rose enters 'Anamedinavilla19990' into Field Password, Rose enters 'Anamedinavilla19990' into  Field ConfirmPassword, Rose clicks on  Accept Terms, Rose clicks on  Accept Terms, Rose clicks on Button Setup]], Then she finds the message called The last step [Then answer]]]
[Test worker] INFO net.thucydides.core.steps.ConsoleLoggingListener - 
        __    _____ _____ ____ _____   ____   _    ____  ____  _____ ____  
  _     \ \  |_   _| ____/ ___|_   _| |  _ \ / \  / ___|/ ___|| ____|  _ \ 
 (_)_____| |   | | |  _| \___ \ | |   | |_) / _ \ \___ \\___ \|  _| | | | |
  _|_____| |   | | | |___ ___) || |   |  __/ ___ \ ___) |___) | |___| |_| |
 (_)     | |   |_| |_____|____/ |_|   |_| /_/   \_\____/|____/|_____|____/ 
        /_/                                                                

TEST PASSED: Registry on the uTest platform
----------------------------------------------------------------------------
]]></system-err>
</testsuite>
